1695429065681	geckodriver	INFO	Listening on 127.0.0.1:53168
1695429065947	mozrunner::runner	INFO	Running command: MOZ_CRASHREPORTER="1" MOZ_CRASHREPORTER_NO_REPORT="1" MOZ_CRASHREPORTER_SHUTDOWN="1" MOZ_NO_REMOTE="1" "/Use ... s" "localhost" "-foreground" "-no-remote" "-profile" "/var/folders/7z/63c0klqs3p7647sp__wnd0rm0000gn/T/rust_mozprofileqNt2pn"
console.warn: services.settings: Ignoring preference override of remote settings server
console.warn: services.settings: Allow by setting MOZ_REMOTE_SETTINGS_DEVTOOLS=1 in the environment
1695429068201	Marionette	INFO	Marionette enabled
console.error: "Warning: unrecognized command line flag" "-remote-allow-hosts"
1695429068298	Marionette	INFO	Listening on port 53252
Read port: 53252
WebDriver BiDi listening on ws://127.0.0.1:53169
1695429068396	RemoteAgent	WARN	TLS certificate errors will be ignored for this session
UNSUPPORTED (log once): POSSIBLE ISSUE: unit 1 GLD_TEXTURE_INDEX_2D is unloadable and bound to sampler type (Float) - using zero texture because texture unloadable
DevTools listening on ws://127.0.0.1:53169/devtools/browser/1e66a5c8-6870-40fa-9a56-677e81989aad
JavaScript warning: https://www.googletagmanager.com/gtm.js?id=GTM-P528B3&gtm_auth=tfAzqo1rYDLgYhmTnSjPqw&gtm_preview=env-130&gtm_cookies_win=x, line 1: unreachable code after return statement
JavaScript warning: https://pagead2.googlesyndication.com/bg/tGcDLxZnxcZjneq6ZTfMhLSKmVRaNAcBIKHxIKG0fIc.js line 2 > eval line 3724 > eval line 1 > eval line 1 > eval, line 1: WEBGL_debug_renderer_info is deprecated in Firefox and will be removed. Please use RENDERER.
console.warn: LoginRecipes: "Falling back to a synchronous message for: https://myaccount.nytimes.com."
console.warn: LoginRecipes: "Falling back to a synchronous message for: https://appleid.apple.com."
console.warn: LoginRecipes: "Falling back to a synchronous message for: https://appleid.apple.com."
console.warn: LoginRecipes: "Falling back to a synchronous message for: https://appleid.apple.com."
console.warn: LoginRecipes: "Falling back to a synchronous message for: https://myaccount.nytimes.com."
JavaScript warning: https://pagead2.googlesyndication.com/bg/tGcDLxZnxcZjneq6ZTfMhLSKmVRaNAcBIKHxIKG0fIc.js line 2 > eval line 5463 > eval line 1 > eval line 1 > eval, line 1: WEBGL_debug_renderer_info is deprecated in Firefox and will be removed. Please use RENDERER.
JavaScript warning: https://www.googletagmanager.com/gtm.js?id=GTM-P528B3&gtm_auth=tfAzqo1rYDLgYhmTnSjPqw&gtm_preview=env-130&gtm_cookies_win=x, line 1: unreachable code after return statement
JavaScript warning: https://www.googletagmanager.com/gtm.js?id=GTM-P528B3&gtm_auth=tfAzqo1rYDLgYhmTnSjPqw&gtm_preview=env-130&gtm_cookies_win=x, line 1: unreachable code after return statement
JavaScript warning: https://www.googletagmanager.com/gtm.js?id=GTM-P528B3&gtm_auth=tfAzqo1rYDLgYhmTnSjPqw&gtm_preview=env-130&gtm_cookies_win=x, line 1: unreachable code after return statement
JavaScript warning: https://pagead2.googlesyndication.com/bg/tGcDLxZnxcZjneq6ZTfMhLSKmVRaNAcBIKHxIKG0fIc.js line 2 > eval line 6273 > eval line 1 > eval line 1 > eval, line 1: WEBGL_debug_renderer_info is deprecated in Firefox and will be removed. Please use RENDERER.
JavaScript warning: https://pagead2.googlesyndication.com/bg/tGcDLxZnxcZjneq6ZTfMhLSKmVRaNAcBIKHxIKG0fIc.js line 2 > eval line 3113 > eval line 1 > eval line 1 > eval, line 1: WEBGL_debug_renderer_info is deprecated in Firefox and will be removed. Please use RENDERER.
1   HIToolbox                           0x00000001b77705c8 _ZN15MenuBarInstance22EnsureAutoShowObserverEv + 120
2   HIToolbox                           0x00000001b7770188 _ZN15MenuBarInstance14EnableAutoShowEv + 60
3   HIToolbox                           0x00000001b76dd8bc _ZN15MenuBarInstance21UpdateAggregateUIModeE21MenuBarAnimationStylehhh + 1184
4   HIToolbox                           0x00000001b7770004 _ZN15MenuBarInstance19SetFullScreenUIModeEjj + 180
5   AppKit                              0x00000001b155fd30 -[NSApplication _setPresentationOptions:instance:flags:] + 956
6   AppKit                              0x00000001b13f593c -[NSApplication _updateFullScreenPresentationOptionsForInstance:] + 404
7   CoreFoundation                      0x00000001ae012560 __CFNOTIFICATIONCENTER_IS_CALLING_OUT_TO_AN_OBSERVER__ + 148
8   CoreFoundation                      0x00000001ae0b0044 ___CFXRegistrationPost_block_invoke + 88
9   CoreFoundation                      0x00000001ae0aff8c _CFXRegistrationPost + 440
10  CoreFoundation                      0x00000001adfe3b64 _CFXNotificationPost + 708
11  Foundation                          0x00000001aeed338c -[NSNotificationCenter postNotificationName:object:userInfo:] + 88
12  AppKit                              0x00000001b15602b4 spacesNotificationHandler + 96
13  SkyLight                            0x00000001b2c4d214 _ZN12_GLOBAL__N_123notify_datagram_handlerEj15CGSDatagramTypePvmS1_ + 896
14  SkyLight                            0x00000001b2f794d4 _ZN21CGSDatagramReadStream26dispatchMainQueueDatagramsEv + 228
15  SkyLight                            0x00000001b2f793d0 ___ZN21CGSDatagramReadStream15mainQueueWakeupEv_block_invoke + 28
16  libdispatch.dylib                   0x00000001addb49dc _dispatch_call_block_and_release + 32
17  libdispatch.dylib                   0x00000001addb6504 _dispatch_client_callout + 20
18  libdispatch.dylib                   0x00000001addc4d1c _dispatch_main_queue_drain + 928
19  libdispatch.dylib                   0x00000001addc496c _dispatch_main_queue_callback_4CF + 44
20  CoreFoundation                      0x00000001ae05ed40 __CFRUNLOOP_IS_SERVICING_THE_MAIN_DISPATCH_QUEUE__ + 16
21  CoreFoundation                      0x00000001ae01c7c0 __CFRunLoopRun + 2036
22  CoreFoundation                      0x00000001ae01b878 CFRunLoopRunSpecific + 612
23  HIToolbox                           0x00000001b76fbfa0 RunCurrentEventLoopInMode + 292
24  HIToolbox                           0x00000001b76fbde4 ReceiveNextEventCommon + 672
25  HIToolbox                           0x00000001b76fbb2c _BlockUntilNextEventMatchingListInModeWithFilter + 72
26  AppKit                              0x00000001b12a184c _DPSNextEvent + 632
27  AppKit                              0x00000001b12a09dc -[NSApplication(NSEvent) _nextEventMatchingEventMask:untilDate:inMode:dequeue:] + 728
28  XUL                                 0x000000011341fcc0 XUL + 18939072
29  AppKit                              0x00000001b1294e0c -[NSApplication run] + 464
30  XUL                                 0x0000000113420aec XUL + 18942700
31  XUL                                 0x000000011730dc9c XRE_GetBootstrap + 59205344
32  XUL                                 0x0000000113a9670c XUL + 25716492
33  XUL                                 0x0000000117382b30 XRE_GetBootstrap + 59684212
34  XUL                                 0x0000000117382f28 XRE_GetBootstrap + 59685228
35  firefox                             0x00000001029ae1dc firefox + 25052
36  dyld                                0x00000001adc13e50 start + 2544
1   HIToolbox                           0x00000001b76fb90c _ZN15MenuBarInstance22RemoveAutoShowObserverEv + 44
2   HIToolbox                           0x00000001b773a478 _ZL17BroadcastInternaljPvh + 184
3   SkyLight                            0x00000001b2c4d214 _ZN12_GLOBAL__N_123notify_datagram_handlerEj15CGSDatagramTypePvmS1_ + 896
4   SkyLight                            0x00000001b2f794d4 _ZN21CGSDatagramReadStream26dispatchMainQueueDatagramsEv + 228
5   SkyLight                            0x00000001b2f793d0 ___ZN21CGSDatagramReadStream15mainQueueWakeupEv_block_invoke + 28
6   libdispatch.dylib                   0x00000001addb49dc _dispatch_call_block_and_release + 32
7   libdispatch.dylib                   0x00000001addb6504 _dispatch_client_callout + 20
8   libdispatch.dylib                   0x00000001addc4d1c _dispatch_main_queue_drain + 928
9   libdispatch.dylib                   0x00000001addc496c _dispatch_main_queue_callback_4CF + 44
10  CoreFoundation                      0x00000001ae05ed40 __CFRUNLOOP_IS_SERVICING_THE_MAIN_DISPATCH_QUEUE__ + 16
11  CoreFoundation                      0x00000001ae01c7c0 __CFRunLoopRun + 2036
12  CoreFoundation                      0x00000001ae01b878 CFRunLoopRunSpecific + 612
13  HIToolbox                           0x00000001b76fbfa0 RunCurrentEventLoopInMode + 292
14  HIToolbox                           0x00000001b76fbde4 ReceiveNextEventCommon + 672
15  HIToolbox                           0x00000001b76fbb2c _BlockUntilNextEventMatchingListInModeWithFilter + 72
16  AppKit                              0x00000001b12a184c _DPSNextEvent + 632
17  AppKit                              0x00000001b12a09dc -[NSApplication(NSEvent) _nextEventMatchingEventMask:untilDate:inMode:dequeue:] + 728
18  XUL                                 0x000000011341fcc0 XUL + 18939072
19  AppKit                              0x00000001b1294e0c -[NSApplication run] + 464
20  XUL                                 0x0000000113420aec XUL + 18942700
21  XUL                                 0x000000011730dc9c XRE_GetBootstrap + 59205344
22  XUL                                 0x0000000113a9670c XUL + 25716492
23  XUL                                 0x0000000117382b30 XRE_GetBootstrap + 59684212
24  XUL                                 0x0000000117382f28 XRE_GetBootstrap + 59685228
25  firefox                             0x00000001029ae1dc firefox + 25052
26  dyld                                0x00000001adc13e50 start + 2544
1   HIToolbox                           0x00000001b77705c8 _ZN15MenuBarInstance22EnsureAutoShowObserverEv + 120
2   HIToolbox                           0x00000001b76dd8c8 _ZN15MenuBarInstance21UpdateAggregateUIModeE21MenuBarAnimationStylehhh + 1196
3   HIToolbox                           0x00000001b7770004 _ZN15MenuBarInstance19SetFullScreenUIModeEjj + 180
4   AppKit                              0x00000001b155fd30 -[NSApplication _setPresentationOptions:instance:flags:] + 956
5   AppKit                              0x00000001b13f593c -[NSApplication _updateFullScreenPresentationOptionsForInstance:] + 404
6   CoreFoundation                      0x00000001ae012560 __CFNOTIFICATIONCENTER_IS_CALLING_OUT_TO_AN_OBSERVER__ + 148
7   CoreFoundation                      0x00000001ae0b0044 ___CFXRegistrationPost_block_invoke + 88
8   CoreFoundation                      0x00000001ae0aff8c _CFXRegistrationPost + 440
9   CoreFoundation                      0x00000001adfe3b64 _CFXNotificationPost + 708
10  Foundation                          0x00000001aeed338c -[NSNotificationCenter postNotificationName:object:userInfo:] + 88
11  AppKit                              0x00000001b15602b4 spacesNotificationHandler + 96
12  SkyLight                            0x00000001b2c4d214 _ZN12_GLOBAL__N_123notify_datagram_handlerEj15CGSDatagramTypePvmS1_ + 896
13  SkyLight                            0x00000001b2f794d4 _ZN21CGSDatagramReadStream26dispatchMainQueueDatagramsEv + 228
14  SkyLight                            0x00000001b2f793d0 ___ZN21CGSDatagramReadStream15mainQueueWakeupEv_block_invoke + 28
15  libdispatch.dylib                   0x00000001addb49dc _dispatch_call_block_and_release + 32
16  libdispatch.dylib                   0x00000001addb6504 _dispatch_client_callout + 20
17  libdispatch.dylib                   0x00000001addc4d1c _dispatch_main_queue_drain + 928
18  libdispatch.dylib                   0x00000001addc496c _dispatch_main_queue_callback_4CF + 44
19  CoreFoundation                      0x00000001ae05ed40 __CFRUNLOOP_IS_SERVICING_THE_MAIN_DISPATCH_QUEUE__ + 16
20  CoreFoundation                      0x00000001ae01c7c0 __CFRunLoopRun + 2036
21  CoreFoundation                      0x00000001ae01b878 CFRunLoopRunSpecific + 612
22  HIToolbox                           0x00000001b76fbfa0 RunCurrentEventLoopInMode + 292
23  HIToolbox                           0x00000001b76fbde4 ReceiveNextEventCommon + 672
24  HIToolbox                           0x00000001b76fbb2c _BlockUntilNextEventMatchingListInModeWithFilter + 72
25  AppKit                              0x00000001b12a184c _DPSNextEvent + 632
26  AppKit                              0x00000001b12a09dc -[NSApplication(NSEvent) _nextEventMatchingEventMask:untilDate:inMode:dequeue:] + 728
27  XUL                                 0x000000011341fcc0 XUL + 18939072
28  AppKit                              0x00000001b1294e0c -[NSApplication run] + 464
29  XUL                                 0x0000000113420aec XUL + 18942700
30  XUL                                 0x000000011730dc9c XRE_GetBootstrap + 59205344
31  XUL                                 0x0000000113a9670c XUL + 25716492
32  XUL                                 0x0000000117382b30 XRE_GetBootstrap + 59684212
33  XUL                                 0x0000000117382f28 XRE_GetBootstrap + 59685228
34  firefox                             0x00000001029ae1dc firefox + 25052
35  dyld                                0x00000001adc13e50 start + 2544
1   HIToolbox                           0x00000001b76fb90c _ZN15MenuBarInstance22RemoveAutoShowObserverEv + 44
2   HIToolbox                           0x00000001b773a478 _ZL17BroadcastInternaljPvh + 184
3   SkyLight                            0x00000001b2c4d214 _ZN12_GLOBAL__N_123notify_datagram_handlerEj15CGSDatagramTypePvmS1_ + 896
4   SkyLight                            0x00000001b2f794d4 _ZN21CGSDatagramReadStream26dispatchMainQueueDatagramsEv + 228
5   SkyLight                            0x00000001b2f793d0 ___ZN21CGSDatagramReadStream15mainQueueWakeupEv_block_invoke + 28
6   libdispatch.dylib                   0x00000001addb49dc _dispatch_call_block_and_release + 32
7   libdispatch.dylib                   0x00000001addb6504 _dispatch_client_callout + 20
8   libdispatch.dylib                   0x00000001addc4d1c _dispatch_main_queue_drain + 928
9   libdispatch.dylib                   0x00000001addc496c _dispatch_main_queue_callback_4CF + 44
10  CoreFoundation                      0x00000001ae05ed40 __CFRUNLOOP_IS_SERVICING_THE_MAIN_DISPATCH_QUEUE__ + 16
11  CoreFoundation                      0x00000001ae01c7c0 __CFRunLoopRun + 2036
12  CoreFoundation                      0x00000001ae01b878 CFRunLoopRunSpecific + 612
13  HIToolbox                           0x00000001b76fbfa0 RunCurrentEventLoopInMode + 292
14  HIToolbox                           0x00000001b76fbde4 ReceiveNextEventCommon + 672
15  HIToolbox                           0x00000001b76fbb2c _BlockUntilNextEventMatchingListInModeWithFilter + 72
16  AppKit                              0x00000001b12a184c _DPSNextEvent + 632
17  AppKit                              0x00000001b12a09dc -[NSApplication(NSEvent) _nextEventMatchingEventMask:untilDate:inMode:dequeue:] + 728
18  XUL                                 0x000000011341fcc0 XUL + 18939072
19  AppKit                              0x00000001b1294e0c -[NSApplication run] + 464
20  XUL                                 0x0000000113420aec XUL + 18942700
21  XUL                                 0x000000011730dc9c XRE_GetBootstrap + 59205344
22  XUL                                 0x0000000113a9670c XUL + 25716492
23  XUL                                 0x0000000117382b30 XRE_GetBootstrap + 59684212
24  XUL                                 0x0000000117382f28 XRE_GetBootstrap + 59685228
25  firefox                             0x00000001029ae1dc firefox + 25052
26  dyld                                0x00000001adc13e50 start + 2544
1   HIToolbox                           0x00000001b77705c8 _ZN15MenuBarInstance22EnsureAutoShowObserverEv + 120
2   HIToolbox                           0x00000001b76dd8c8 _ZN15MenuBarInstance21UpdateAggregateUIModeE21MenuBarAnimationStylehhh + 1196
3   HIToolbox                           0x00000001b7770004 _ZN15MenuBarInstance19SetFullScreenUIModeEjj + 180
4   AppKit                              0x00000001b155fd30 -[NSApplication _setPresentationOptions:instance:flags:] + 956
5   AppKit                              0x00000001b13f593c -[NSApplication _updateFullScreenPresentationOptionsForInstance:] + 404
6   CoreFoundation                      0x00000001ae012560 __CFNOTIFICATIONCENTER_IS_CALLING_OUT_TO_AN_OBSERVER__ + 148
7   CoreFoundation                      0x00000001ae0b0044 ___CFXRegistrationPost_block_invoke + 88
8   CoreFoundation                      0x00000001ae0aff8c _CFXRegistrationPost + 440
9   CoreFoundation                      0x00000001adfe3b64 _CFXNotificationPost + 708
10  Foundation                          0x00000001aeed338c -[NSNotificationCenter postNotificationName:object:userInfo:] + 88
11  AppKit                              0x00000001b15602b4 spacesNotificationHandler + 96
12  SkyLight                            0x00000001b2c4d214 _ZN12_GLOBAL__N_123notify_datagram_handlerEj15CGSDatagramTypePvmS1_ + 896
13  SkyLight                            0x00000001b2f794d4 _ZN21CGSDatagramReadStream26dispatchMainQueueDatagramsEv + 228
14  SkyLight                            0x00000001b2f793d0 ___ZN21CGSDatagramReadStream15mainQueueWakeupEv_block_invoke + 28
15  libdispatch.dylib                   0x00000001addb49dc _dispatch_call_block_and_release + 32
16  libdispatch.dylib                   0x00000001addb6504 _dispatch_client_callout + 20
17  libdispatch.dylib                   0x00000001addc4d1c _dispatch_main_queue_drain + 928
18  libdispatch.dylib                   0x00000001addc496c _dispatch_main_queue_callback_4CF + 44
19  CoreFoundation                      0x00000001ae05ed40 __CFRUNLOOP_IS_SERVICING_THE_MAIN_DISPATCH_QUEUE__ + 16
20  CoreFoundation                      0x00000001ae01c7c0 __CFRunLoopRun + 2036
21  CoreFoundation                      0x00000001ae01b878 CFRunLoopRunSpecific + 612
22  HIToolbox                           0x00000001b76fbfa0 RunCurrentEventLoopInMode + 292
23  HIToolbox                           0x00000001b76fbde4 ReceiveNextEventCommon + 672
24  HIToolbox                           0x00000001b76fbb2c _BlockUntilNextEventMatchingListInModeWithFilter + 72
25  AppKit                              0x00000001b12a184c _DPSNextEvent + 632
26  AppKit                              0x00000001b12a09dc -[NSApplication(NSEvent) _nextEventMatchingEventMask:untilDate:inMode:dequeue:] + 728
27  XUL                                 0x000000011341fcc0 XUL + 18939072
28  AppKit                              0x00000001b1294e0c -[NSApplication run] + 464
29  XUL                                 0x0000000113420aec XUL + 18942700
30  XUL                                 0x000000011730dc9c XRE_GetBootstrap + 59205344
31  XUL                                 0x0000000113a9670c XUL + 25716492
32  XUL                                 0x0000000117382b30 XRE_GetBootstrap + 59684212
33  XUL                                 0x0000000117382f28 XRE_GetBootstrap + 59685228
34  firefox                             0x00000001029ae1dc firefox + 25052
35  dyld                                0x00000001adc13e50 start + 2544
1   HIToolbox                           0x00000001b76fb90c _ZN15MenuBarInstance22RemoveAutoShowObserverEv + 44
2   HIToolbox                           0x00000001b773a478 _ZL17BroadcastInternaljPvh + 184
3   SkyLight                            0x00000001b2c4d214 _ZN12_GLOBAL__N_123notify_datagram_handlerEj15CGSDatagramTypePvmS1_ + 896
4   SkyLight                            0x00000001b2f794d4 _ZN21CGSDatagramReadStream26dispatchMainQueueDatagramsEv + 228
5   SkyLight                            0x00000001b2f793d0 ___ZN21CGSDatagramReadStream15mainQueueWakeupEv_block_invoke + 28
6   libdispatch.dylib                   0x00000001addb49dc _dispatch_call_block_and_release + 32
7   libdispatch.dylib                   0x00000001addb6504 _dispatch_client_callout + 20
8   libdispatch.dylib                   0x00000001addc4d1c _dispatch_main_queue_drain + 928
9   libdispatch.dylib                   0x00000001addc496c _dispatch_main_queue_callback_4CF + 44
10  CoreFoundation                      0x00000001ae05ed40 __CFRUNLOOP_IS_SERVICING_THE_MAIN_DISPATCH_QUEUE__ + 16
11  CoreFoundation                      0x00000001ae01c7c0 __CFRunLoopRun + 2036
12  CoreFoundation                      0x00000001ae01b878 CFRunLoopRunSpecific + 612
13  HIToolbox                           0x00000001b76fbfa0 RunCurrentEventLoopInMode + 292
14  HIToolbox                           0x00000001b76fbde4 ReceiveNextEventCommon + 672
15  HIToolbox                           0x00000001b76fbb2c _BlockUntilNextEventMatchingListInModeWithFilter + 72
16  AppKit                              0x00000001b12a184c _DPSNextEvent + 632
17  AppKit                              0x00000001b12a09dc -[NSApplication(NSEvent) _nextEventMatchingEventMask:untilDate:inMode:dequeue:] + 728
18  XUL                                 0x000000011341fcc0 XUL + 18939072
19  AppKit                              0x00000001b1294e0c -[NSApplication run] + 464
20  XUL                                 0x0000000113420aec XUL + 18942700
21  XUL                                 0x000000011730dc9c XRE_GetBootstrap + 59205344
22  XUL                                 0x0000000113a9670c XUL + 25716492
23  XUL                                 0x0000000117382b30 XRE_GetBootstrap + 59684212
24  XUL                                 0x0000000117382f28 XRE_GetBootstrap + 59685228
25  firefox                             0x00000001029ae1dc firefox + 25052
26  dyld                                0x00000001adc13e50 start + 2544
1   HIToolbox                           0x00000001b77705c8 _ZN15MenuBarInstance22EnsureAutoShowObserverEv + 120
2   HIToolbox                           0x00000001b76dd8c8 _ZN15MenuBarInstance21UpdateAggregateUIModeE21MenuBarAnimationStylehhh + 1196
3   HIToolbox                           0x00000001b7770004 _ZN15MenuBarInstance19SetFullScreenUIModeEjj + 180
4   AppKit                              0x00000001b155fd30 -[NSApplication _setPresentationOptions:instance:flags:] + 956
5   AppKit                              0x00000001b13f593c -[NSApplication _updateFullScreenPresentationOptionsForInstance:] + 404
6   CoreFoundation                      0x00000001ae012560 __CFNOTIFICATIONCENTER_IS_CALLING_OUT_TO_AN_OBSERVER__ + 148
7   CoreFoundation                      0x00000001ae0b0044 ___CFXRegistrationPost_block_invoke + 88
8   CoreFoundation                      0x00000001ae0aff8c _CFXRegistrationPost + 440
9   CoreFoundation                      0x00000001adfe3b64 _CFXNotificationPost + 708
10  Foundation                          0x00000001aeed338c -[NSNotificationCenter postNotificationName:object:userInfo:] + 88
11  AppKit                              0x00000001b15602b4 spacesNotificationHandler + 96
12  SkyLight                            0x00000001b2c4d214 _ZN12_GLOBAL__N_123notify_datagram_handlerEj15CGSDatagramTypePvmS1_ + 896
13  SkyLight                            0x00000001b2f794d4 _ZN21CGSDatagramReadStream26dispatchMainQueueDatagramsEv + 228
14  SkyLight                            0x00000001b2f793d0 ___ZN21CGSDatagramReadStream15mainQueueWakeupEv_block_invoke + 28
15  libdispatch.dylib                   0x00000001addb49dc _dispatch_call_block_and_release + 32
16  libdispatch.dylib                   0x00000001addb6504 _dispatch_client_callout + 20
17  libdispatch.dylib                   0x00000001addc4d1c _dispatch_main_queue_drain + 928
18  libdispatch.dylib                   0x00000001addc496c _dispatch_main_queue_callback_4CF + 44
19  CoreFoundation                      0x00000001ae05ed40 __CFRUNLOOP_IS_SERVICING_THE_MAIN_DISPATCH_QUEUE__ + 16
20  CoreFoundation                      0x00000001ae01c7c0 __CFRunLoopRun + 2036
21  CoreFoundation                      0x00000001ae01b878 CFRunLoopRunSpecific + 612
22  HIToolbox                           0x00000001b76fbfa0 RunCurrentEventLoopInMode + 292
23  HIToolbox                           0x00000001b76fbde4 ReceiveNextEventCommon + 672
24  HIToolbox                           0x00000001b76fbb2c _BlockUntilNextEventMatchingListInModeWithFilter + 72
25  AppKit                              0x00000001b12a184c _DPSNextEvent + 632
26  AppKit                              0x00000001b12a09dc -[NSApplication(NSEvent) _nextEventMatchingEventMask:untilDate:inMode:dequeue:] + 728
27  XUL                                 0x000000011341fcc0 XUL + 18939072
28  AppKit                              0x00000001b1294e0c -[NSApplication run] + 464
29  XUL                                 0x0000000113420aec XUL + 18942700
30  XUL                                 0x000000011730dc9c XRE_GetBootstrap + 59205344
31  XUL                                 0x0000000113a9670c XUL + 25716492
32  XUL                                 0x0000000117382b30 XRE_GetBootstrap + 59684212
33  XUL                                 0x0000000117382f28 XRE_GetBootstrap + 59685228
34  firefox                             0x00000001029ae1dc firefox + 25052
35  dyld                                0x00000001adc13e50 start + 2544
1   HIToolbox                           0x00000001b76fb90c _ZN15MenuBarInstance22RemoveAutoShowObserverEv + 44
2   HIToolbox                           0x00000001b773a478 _ZL17BroadcastInternaljPvh + 184
3   SkyLight                            0x00000001b2c4d214 _ZN12_GLOBAL__N_123notify_datagram_handlerEj15CGSDatagramTypePvmS1_ + 896
4   SkyLight                            0x00000001b2f794d4 _ZN21CGSDatagramReadStream26dispatchMainQueueDatagramsEv + 228
5   SkyLight                            0x00000001b2f793d0 ___ZN21CGSDatagramReadStream15mainQueueWakeupEv_block_invoke + 28
6   libdispatch.dylib                   0x00000001addb49dc _dispatch_call_block_and_release + 32
7   libdispatch.dylib                   0x00000001addb6504 _dispatch_client_callout + 20
8   libdispatch.dylib                   0x00000001addc4d1c _dispatch_main_queue_drain + 928
9   libdispatch.dylib                   0x00000001addc496c _dispatch_main_queue_callback_4CF + 44
10  CoreFoundation                      0x00000001ae05ed40 __CFRUNLOOP_IS_SERVICING_THE_MAIN_DISPATCH_QUEUE__ + 16
11  CoreFoundation                      0x00000001ae01c7c0 __CFRunLoopRun + 2036
12  CoreFoundation                      0x00000001ae01b878 CFRunLoopRunSpecific + 612
13  HIToolbox                           0x00000001b76fbfa0 RunCurrentEventLoopInMode + 292
14  HIToolbox                           0x00000001b76fbde4 ReceiveNextEventCommon + 672
15  HIToolbox                           0x00000001b76fbb2c _BlockUntilNextEventMatchingListInModeWithFilter + 72
16  AppKit                              0x00000001b12a184c _DPSNextEvent + 632
17  AppKit                              0x00000001b12a09dc -[NSApplication(NSEvent) _nextEventMatchingEventMask:untilDate:inMode:dequeue:] + 728
18  XUL                                 0x000000011341fcc0 XUL + 18939072
19  AppKit                              0x00000001b1294e0c -[NSApplication run] + 464
20  XUL                                 0x0000000113420aec XUL + 18942700
21  XUL                                 0x000000011730dc9c XRE_GetBootstrap + 59205344
22  XUL                                 0x0000000113a9670c XUL + 25716492
23  XUL                                 0x0000000117382b30 XRE_GetBootstrap + 59684212
24  XUL                                 0x0000000117382f28 XRE_GetBootstrap + 59685228
25  firefox                             0x00000001029ae1dc firefox + 25052
26  dyld                                0x00000001adc13e50 start + 2544
1695429320024	Marionette	INFO	Stopped listening on port 53252
JavaScript error: , line 0: NotFoundError: No such JSWindowActor 'DevToolsFrame'
JavaScript error: , line 0: NotFoundError: No such JSWindowActor 'DevToolsFrame'
JavaScript error: , line 0: NotFoundError: No such JSWindowActor 'DevToolsFrame'
JavaScript error: , line 0: NotFoundError: No such JSWindowActor 'DevToolsFrame'
JavaScript error: , line 0: NotFoundError: No such JSWindowActor 'DevToolsFrame'
JavaScript error: , line 0: NotFoundError: No such JSWindowActor 'DevToolsFrame'
